<?xml version="1.0" encoding="UTF-8"?>
<!-- Generated by org.testng.reporters.JUnitXMLReporter -->
<testsuite ignored="12" hostname="edulab3" failures="0" tests="0" time="0.023" errors="0" timestamp="2025-12-12T18:11:13 IST">
  <testcase classname="com.testcase_pom.Student_application_test" name="validate_selectEducationCourse" time="0.0">
    <ignored/>
  </testcase> <!-- validate_selectEducationCourse -->
  <testcase classname="com.testcase_pom.Student_application_test" name="validate_selectcollege" time="0.0">
    <ignored/>
  </testcase> <!-- validate_selectcollege -->
  <testcase classname="com.testcase_pom.Student_application_test" name="validate_selectLeavingYearStandard" time="0.0">
    <ignored/>
  </testcase> <!-- validate_selectLeavingYearStandard -->
  <testcase classname="com.testcase_pom.Student_application_test" name="validate_radio_btn_student_studying_in_college" time="0.0">
    <ignored/>
  </testcase> <!-- validate_radio_btn_student_studying_in_college -->
  <testcase classname="com.testcase_pom.Student_application_test" name="validate_selectEnrollmentYear" time="0.0">
    <ignored/>
  </testcase> <!-- validate_selectEnrollmentYear -->
  <testcase classname="com.testcase_pom.Student_application_test" name="validate_new_application_details" time="0.0">
    <ignored/>
  </testcase> <!-- validate_new_application_details -->
  <testcase classname="com.testcase_pom.Student_application_test" name="validate_selectEducationLevel" time="0.0">
    <ignored/>
  </testcase> <!-- validate_selectEducationLevel -->
  <testcase classname="com.testcase_pom.Student_application_test" name="validate_selectExamPattern" time="0.0">
    <ignored/>
  </testcase> <!-- validate_selectExamPattern -->
  <testcase classname="com.testcase_pom.Student_application_test" name="validate_selectEntryLevelStandard" time="0.0">
    <ignored/>
  </testcase> <!-- validate_selectEntryLevelStandard -->
  <testcase classname="com.testcase_pom.Student_application_test" name="validate_selectLeavingYear" time="0.0">
    <ignored/>
  </testcase> <!-- validate_selectLeavingYear -->
  <testcase classname="com.testcase_pom.Student_application_test" name="validate_educational_details_save_btn" time="0.0">
    <ignored/>
  </testcase> <!-- validate_educational_details_save_btn -->
  <testcase classname="com.testcase_pom.Student_application_test" name="validate_select_sem_checkbox" time="0.0">
    <ignored/>
  </testcase> <!-- validate_select_sem_checkbox -->
</testsuite>
