<?xml version="1.0" encoding="UTF-8"?>
<!-- Generated by org.testng.reporters.JUnitXMLReporter -->
<testsuite ignored="0" hostname="edulab3" failures="0" tests="3" name="Default test" time="34.318" errors="0" timestamp="2023-12-05T12:22:25 IST">
  <testcase classname="com.testcase_pom.Add_New_ContactTest_pom" name="validate_new_contact" time="1.367"/>
  <testcase classname="com.testcase_pom.Add_New_ContactTest_pom" name="validate_new_contact" time="1.213"/>
  <testcase classname="com.testcase_pom.Add_New_ContactTest_pom" name="validate_new_contact" time="1.635"/>
</testsuite> <!-- Default test -->
