<?xml version="1.0" encoding="UTF-8"?>
<!-- Generated by org.testng.reporters.JUnitXMLReporter -->
<testsuite ignored="0" hostname="edulab3" failures="0" tests="6" name="Test" time="83.632" errors="0" timestamp="2023-08-31T11:06:27 IST">
  <testcase classname="com.crm.qa.testpage.LoginPage_Test" name="verifyloginpage_title" time="21.383"/>
  <testcase classname="com.crm.qa.testpage.Calenderpage_event_Test" name="verify_calenderevent" time="21.383"/>
  <testcase classname="com.crm.qa.testpage.Contactpage_Test" name="verify_contactsdetails" time="21.386"/>
  <testcase classname="com.crm.qa.testpage.Calenderpage_Test" name="verify_calenderdetails" time="21.386"/>
  <testcase classname="com.crm.qa.testpage.Homepage_Test" name="verify_contact_link" time="21.4"/>
  <testcase classname="com.crm.qa.testpage.LoginPage_Test" name="verifylogin_details" time="0.013"/>
</testsuite> <!-- Test -->
