<?xml version="1.0" encoding="UTF-8"?>
<!-- Generated by org.testng.reporters.JUnitXMLReporter -->
<testsuite ignored="0" hostname="edulab3" failures="0" tests="3" name="Test" time="44.213" errors="0" timestamp="2026-01-21T11:28:32 IST">
  <testcase classname="com.testcase_pom.LoginpageTest_pom" name="loginTest" time="2.045"/>
  <testcase classname="com.testcase_pom.Student_Dashboard_page_test" name="click_new_application_button_test" time="0.537"/>
  <testcase classname="com.testcase_pom.Student_application_test" name="validate_new_application_details" time="19.058"/>
</testsuite> <!-- Test -->
