<?xml version="1.0" encoding="UTF-8"?>
<testng-results ignored="0" total="3" passed="3" failed="0" skipped="0">
  <reporter-output>
  </reporter-output>
  <suite started-at="2023-12-05T12:21:51 IST" name="Default suite" finished-at="2023-12-05T12:22:25 IST" duration-ms="34318">
    <groups>
    </groups>
    <test started-at="2023-12-05T12:21:51 IST" name="Default test" finished-at="2023-12-05T12:22:25 IST" duration-ms="34318">
      <class name="com.testcase_pom.Add_New_ContactTest_pom">
        <test-method is-config="true" signature="steup()[pri:0, instance:com.testcase_pom.Add_New_ContactTest_pom@6392827e]" started-at="2023-12-05T12:21:51 IST" name="steup" finished-at="2023-12-05T12:22:05 IST" duration-ms="13449" status="PASS">
          <reporter-output>
          </reporter-output>
        </test-method> <!-- steup -->
        <test-method signature="validate_new_contact(java.lang.String,java.lang.String,java.lang.String,java.lang.String)[pri:1, instance:com.testcase_pom.Add_New_ContactTest_pom@6392827e]" started-at="2023-12-05T12:22:05 IST" name="validate_new_contact" data-provider="getCRMTestData" finished-at="2023-12-05T12:22:06 IST" duration-ms="1367" status="PASS">
          <params>
            <param index="0">
              <value>
                <![CDATA[Gous]]>
              </value>
            </param>
            <param index="1">
              <value>
                <![CDATA[Shaikh]]>
              </value>
            </param>
            <param index="2">
              <value>
                <![CDATA[Rasul]]>
              </value>
            </param>
            <param index="3">
              <value>
                <![CDATA[Honda]]>
              </value>
            </param>
          </params>
          <reporter-output>
          </reporter-output>
        </test-method> <!-- validate_new_contact -->
        <test-method is-config="true" signature="teardown()[pri:0, instance:com.testcase_pom.Add_New_ContactTest_pom@6392827e]" started-at="2023-12-05T12:22:06 IST" name="teardown" finished-at="2023-12-05T12:22:07 IST" duration-ms="253" status="PASS">
          <reporter-output>
          </reporter-output>
        </test-method> <!-- teardown -->
        <test-method is-config="true" signature="steup()[pri:0, instance:com.testcase_pom.Add_New_ContactTest_pom@6392827e]" started-at="2023-12-05T12:22:07 IST" name="steup" finished-at="2023-12-05T12:22:14 IST" duration-ms="7718" status="PASS">
          <reporter-output>
          </reporter-output>
        </test-method> <!-- steup -->
        <test-method signature="validate_new_contact(java.lang.String,java.lang.String,java.lang.String,java.lang.String)[pri:1, instance:com.testcase_pom.Add_New_ContactTest_pom@6392827e]" started-at="2023-12-05T12:22:14 IST" name="validate_new_contact" data-provider="getCRMTestData" finished-at="2023-12-05T12:22:16 IST" duration-ms="1213" status="PASS">
          <params>
            <param index="0">
              <value>
                <![CDATA[Aniket]]>
              </value>
            </param>
            <param index="1">
              <value>
                <![CDATA[Maid]]>
              </value>
            </param>
            <param index="2">
              <value>
                <![CDATA[Shiva]]>
              </value>
            </param>
            <param index="3">
              <value>
                <![CDATA[Market]]>
              </value>
            </param>
          </params>
          <reporter-output>
          </reporter-output>
        </test-method> <!-- validate_new_contact -->
        <test-method is-config="true" signature="teardown()[pri:0, instance:com.testcase_pom.Add_New_ContactTest_pom@6392827e]" started-at="2023-12-05T12:22:16 IST" name="teardown" finished-at="2023-12-05T12:22:16 IST" duration-ms="158" status="PASS">
          <reporter-output>
          </reporter-output>
        </test-method> <!-- teardown -->
        <test-method is-config="true" signature="steup()[pri:0, instance:com.testcase_pom.Add_New_ContactTest_pom@6392827e]" started-at="2023-12-05T12:22:16 IST" name="steup" finished-at="2023-12-05T12:22:23 IST" duration-ms="7284" status="PASS">
          <reporter-output>
          </reporter-output>
        </test-method> <!-- steup -->
        <test-method signature="validate_new_contact(java.lang.String,java.lang.String,java.lang.String,java.lang.String)[pri:1, instance:com.testcase_pom.Add_New_ContactTest_pom@6392827e]" started-at="2023-12-05T12:22:23 IST" name="validate_new_contact" data-provider="getCRMTestData" finished-at="2023-12-05T12:22:25 IST" duration-ms="1635" status="PASS">
          <params>
            <param index="0">
              <value>
                <![CDATA[Shubham]]>
              </value>
            </param>
            <param index="1">
              <value>
                <![CDATA[Kadam]]>
              </value>
            </param>
            <param index="2">
              <value>
                <![CDATA[Shivaji]]>
              </value>
            </param>
            <param index="3">
              <value>
                <![CDATA[Ebay]]>
              </value>
            </param>
          </params>
          <reporter-output>
          </reporter-output>
        </test-method> <!-- validate_new_contact -->
        <test-method is-config="true" signature="teardown()[pri:0, instance:com.testcase_pom.Add_New_ContactTest_pom@6392827e]" started-at="2023-12-05T12:22:25 IST" name="teardown" finished-at="2023-12-05T12:22:25 IST" duration-ms="252" status="PASS">
          <reporter-output>
          </reporter-output>
        </test-method> <!-- teardown -->
      </class> <!-- com.testcase_pom.Add_New_ContactTest_pom -->
    </test> <!-- Default test -->
  </suite> <!-- Default suite -->
</testng-results>
