<?xml version="1.0" encoding="UTF-8"?>
<!-- Generated by org.testng.reporters.JUnitReportReporter -->
<testsuite hostname="edulab3" failures="0" tests="3" name="com.testcase_pom.Add_New_ContactTest_pom" time="27.322" errors="0" timestamp="2024-02-01T17:11:07 IST" skipped="0">
  <testcase classname="com.testcase_pom.Add_New_ContactTest_pom" name="validate_new_contact" time="9.560"/>
  <testcase classname="com.testcase_pom.Add_New_ContactTest_pom" name="validate_new_contact" time="8.888"/>
  <testcase classname="com.testcase_pom.Add_New_ContactTest_pom" name="validate_new_contact" time="8.874"/>
</testsuite> <!-- com.testcase_pom.Add_New_ContactTest_pom -->
