<?xml version="1.0" encoding="UTF-8"?>
<!-- Generated by org.testng.reporters.JUnitReportReporter -->
<testsuite hostname="edulab3" failures="0" tests="2" name="com.testcase_pom.HomepageTest_pom" time="15.539" errors="0" timestamp="2024-01-15T16:59:04 IST" skipped="0">
  <testcase classname="com.testcase_pom.HomepageTest_pom" name="Homepage_title" time="6.831"/>
  <testcase classname="com.testcase_pom.HomepageTest_pom" name="verifyContacts_link" time="8.708"/>
</testsuite> <!-- com.testcase_pom.HomepageTest_pom -->
